<?xml version="1.0" encoding="UTF-8"?>
<!-- Generated by org.testng.reporters.JUnitXMLReporter -->
<testsuite ignored="0" hostname="DESKTOP-GUDGL6E" failures="1" tests="1" name="Test" time="0.103" errors="0" timestamp="22 Feb 2019 07:20:19 GMT">
  <testcase classname="Genercis.BaseTest" name="@AfterClass afterClass" time="0.001">
    <failure type="java.lang.NullPointerException">
      <![CDATA[java.lang.NullPointerException
at Genercis.BaseTest.afterClass(BaseTest.java:39)
... Removed 26 stack frames]]>
    </failure>
  </testcase> <!-- @AfterClass afterClass -->
  <testcase classname="tests.LoginClass" name="ValidLogin" time="0.07">
    <failure type="java.lang.NullPointerException">
      <![CDATA[java.lang.NullPointerException
at org.openqa.selenium.support.pagefactory.DefaultElementLocator.findElement(DefaultElementLocator.java:69)
at org.openqa.selenium.support.pagefactory.internal.LocatingElementHandler.invoke(LocatingElementHandler.java:38)
at com.sun.proxy.$Proxy12.sendKeys(Unknown Source)
at Pages.LoginPage.enterUserName(LoginPage.java:47)
at tests.LoginClass.ValidLogin(LoginClass.java:41)
... Removed 25 stack frames]]>
    </failure>
  </testcase> <!-- ValidLogin -->
</testsuite> <!-- Test -->
