<?xml version="1.0" encoding="UTF-8"?>
<testng-results ignored="0" total="2" passed="2" failed="0" skipped="0">
  <reporter-output>
    <line>
      <![CDATA[valid password]]>
    </line>
    <line>
      <![CDATA[invalid password]]>
    </line>
  </reporter-output>
  <suite started-at="2019-02-22T09:38:18Z" name="Default suite" finished-at="2019-02-22T09:38:32Z" duration-ms="14613">
    <groups>
    </groups>
    <test started-at="2019-02-22T09:38:18Z" name="Default test" finished-at="2019-02-22T09:38:32Z" duration-ms="14613">
      <class name="tests.LoginClass">
        <test-method signature="ValidLogin()[pri:1, instance:tests.LoginClass@1dac5ef]" started-at="2019-02-22T09:38:18Z" name="ValidLogin" finished-at="2019-02-22T09:38:25Z" duration-ms="6920" status="PASS">
          <reporter-output>
            <line>
              <![CDATA[valid password]]>
            </line>
          </reporter-output>
        </test-method> <!-- ValidLogin -->
        <test-method is-config="true" signature="afterClass()[pri:0, instance:tests.LoginClass@1dac5ef]" started-at="2019-02-22T09:38:25Z" name="afterClass" finished-at="2019-02-22T09:38:25Z" duration-ms="764" status="PASS">
          <reporter-output>
          </reporter-output>
        </test-method> <!-- afterClass -->
        <test-method signature="InvalidLogin()[pri:2, instance:tests.LoginClass@1dac5ef]" started-at="2019-02-22T09:38:25Z" name="InvalidLogin" finished-at="2019-02-22T09:38:32Z" duration-ms="6237" status="PASS">
          <reporter-output>
            <line>
              <![CDATA[invalid password]]>
            </line>
          </reporter-output>
        </test-method> <!-- InvalidLogin -->
        <test-method is-config="true" signature="afterClass()[pri:0, instance:tests.LoginClass@1dac5ef]" started-at="2019-02-22T09:38:32Z" name="afterClass" finished-at="2019-02-22T09:38:32Z" duration-ms="650" status="PASS">
          <reporter-output>
          </reporter-output>
        </test-method> <!-- afterClass -->
      </class> <!-- tests.LoginClass -->
    </test> <!-- Default test -->
  </suite> <!-- Default suite -->
</testng-results>
